[2023-08-17T09:28:45Z INFO rocket::launch] 🔧 Configured for debug.
[2023-08-17T09:28:45Z INFO rocket::launch::_] address: [1;49;39m127.0.0.1[0m
[2023-08-17T09:28:45Z INFO rocket::launch::_] port: [1;49;39m8000[0m
[2023-08-17T09:28:45Z INFO rocket::launch::_] workers: [1;49;39m8[0m
[2023-08-17T09:28:45Z INFO rocket::launch::_] max blocking threads: [1;49;39m512[0m
[2023-08-17T09:28:45Z INFO rocket::launch::_] ident: [1;49;39mRocket[0m
[2023-08-17T09:28:45Z INFO rocket::launch::_] IP header: [1;49;39mX-Real-IP[0m
[2023-08-17T09:28:45Z INFO rocket::launch::_] limits: [1;49;39mbytes = 8KiB, data-form = 2MiB, file = 1MiB, form = 32KiB, json = 1MiB, msgpack = 1MiB, string = 8KiB[0m
[2023-08-17T09:28:45Z INFO rocket::launch::_] temp dir: [1;49;39m/var/folders/t2/c2v0fk9j5tz50j4y1tpbklbc0000gn/T/[0m
[2023-08-17T09:28:45Z INFO rocket::launch::_] http/2: [1;49;39mfalse[0m
[2023-08-17T09:28:45Z INFO rocket::launch::_] keep-alive: [1;49;39m5[0m[1;49;39ms[0m
[2023-08-17T09:28:45Z INFO rocket::launch::_] tls: [1;49;39mdisabled[0m
[2023-08-17T09:28:45Z INFO rocket::launch::_] shutdown: [1;49;39mctrlc = true, force = true, signals = [SIGTERM], grace = 2s, mercy = 3s[0m
[2023-08-17T09:28:45Z INFO rocket::launch::_] log level: [1;49;39mnormal[0m
[2023-08-17T09:28:45Z INFO rocket::launch::_] cli colors: [1;49;39mtrue[0m
[2023-08-17T09:28:45Z INFO rocket::launch] 📬 [35mRoutes[0m:
[2023-08-17T09:28:45Z INFO rocket::launch::_] [36m([0m[37mindex[0m[36m)[0m [32mGET[0m [4;34m/api[0m[34m/[0m
[2023-08-17T09:28:45Z INFO rocket::launch] 📡 [35mFairings[0m:
[2023-08-17T09:28:45Z INFO rocket::launch::_] [1;49;39mShield[0m ([1;34mliftoff, response, singleton[0m)
[2023-08-17T09:28:45Z INFO rocket::launch::_] [1;49;39mPricing producer[0m ([1;34mliftoff[0m)
[2023-08-17T09:28:45Z INFO rocket::shield::shield] 🛡️ [35mShield[0m:
[2023-08-17T09:28:45Z INFO rocket::shield::shield::_] X-Content-Type-Options: [49;39mnosniff[0m
[2023-08-17T09:28:45Z INFO rocket::shield::shield::_] X-Frame-Options: [49;39mSAMEORIGIN[0m
[2023-08-17T09:28:45Z INFO rocket::shield::shield::_] Permissions-Policy: [49;39minterest-cohort=()[0m
[2023-08-17T09:28:45Z INFO apato::producer::pricing_producer] Starting PricingProducer run
[2023-08-17T09:28:46Z INFO rocket::launch] 🔧 Configured for debug.
[2023-08-17T09:28:46Z INFO rocket::launch::_] address: [1;49;39m127.0.0.1[0m
[2023-08-17T09:28:46Z INFO rocket::launch::_] port: [1;49;39m8000[0m
[2023-08-17T09:28:46Z INFO rocket::launch::_] workers: [1;49;39m8[0m
[2023-08-17T09:28:46Z INFO rocket::launch::_] max blocking threads: [1;49;39m512[0m
[2023-08-17T09:28:46Z INFO rocket::launch::_] ident: [1;49;39mRocket[0m
[2023-08-17T09:28:46Z INFO rocket::launch::_] IP header: [1;49;39mX-Real-IP[0m
[2023-08-17T09:28:46Z INFO rocket::launch::_] limits: [1;49;39mbytes = 8KiB, data-form = 2MiB, file = 1MiB, form = 32KiB, json = 1MiB, msgpack = 1MiB, string = 8KiB[0m
[2023-08-17T09:28:46Z INFO rocket::launch::_] temp dir: [1;49;39m/var/folders/t2/c2v0fk9j5tz50j4y1tpbklbc0000gn/T/[0m
[2023-08-17T09:28:46Z INFO rocket::launch::_] http/2: [1;49;39mfalse[0m
[2023-08-17T09:28:46Z INFO rocket::launch::_] keep-alive: [1;49;39m5[0m[1;49;39ms[0m
[2023-08-17T09:28:46Z INFO rocket::launch::_] tls: [1;49;39mdisabled[0m
[2023-08-17T09:28:46Z INFO rocket::launch::_] shutdown: [1;49;39mctrlc = true, force = true, signals = [SIGTERM], grace = 2s, mercy = 3s[0m
[2023-08-17T09:28:46Z INFO rocket::launch::_] log level: [1;49;39mnormal[0m
[2023-08-17T09:28:46Z INFO rocket::launch::_] cli colors: [1;49;39mtrue[0m
[2023-08-17T09:28:46Z INFO rocket::launch] 📬 [35mRoutes[0m:
[2023-08-17T09:28:46Z INFO rocket::launch::_] [36m([0m[37mindex[0m[36m)[0m [32mGET[0m [4;34m/api[0m[34m/[0m
[2023-08-17T09:28:46Z INFO rocket::launch] 📡 [35mFairings[0m:
[2023-08-17T09:28:46Z INFO rocket::launch::_] [1;49;39mShield[0m ([1;34mliftoff, response, singleton[0m)
[2023-08-17T09:28:46Z INFO rocket::launch::_] [1;49;39mPricing producer[0m ([1;34mliftoff[0m)
[2023-08-17T09:28:46Z INFO rocket::shield::shield] 🛡️ [35mShield[0m:
[2023-08-17T09:28:46Z INFO rocket::shield::shield::_] X-Frame-Options: [49;39mSAMEORIGIN[0m
[2023-08-17T09:28:46Z INFO rocket::shield::shield::_] Permissions-Policy: [49;39minterest-cohort=()[0m
[2023-08-17T09:28:46Z INFO rocket::shield::shield::_] X-Content-Type-Options: [49;39mnosniff[0m
[2023-08-17T09:28:46Z INFO apato::producer::pricing_producer] Starting PricingProducer run
[2023-08-17T09:28:46Z INFO rocket::launch] 🔧 Configured for debug.
[2023-08-17T09:28:46Z INFO rocket::launch::_] address: [1;49;39m127.0.0.1[0m
[2023-08-17T09:28:46Z INFO rocket::launch::_] port: [1;49;39m8000[0m
[2023-08-17T09:28:46Z INFO rocket::launch::_] workers: [1;49;39m8[0m
[2023-08-17T09:28:46Z INFO rocket::launch::_] max blocking threads: [1;49;39m512[0m
[2023-08-17T09:28:46Z INFO rocket::launch::_] ident: [1;49;39mRocket[0m
[2023-08-17T09:28:46Z INFO rocket::launch::_] IP header: [1;49;39mX-Real-IP[0m
[2023-08-17T09:28:46Z INFO rocket::launch::_] limits: [1;49;39mbytes = 8KiB, data-form = 2MiB, file = 1MiB, form = 32KiB, json = 1MiB, msgpack = 1MiB, string = 8KiB[0m
[2023-08-17T09:28:46Z INFO rocket::launch::_] temp dir: [1;49;39m/var/folders/t2/c2v0fk9j5tz50j4y1tpbklbc0000gn/T/[0m
[2023-08-17T09:28:46Z INFO rocket::launch::_] http/2: [1;49;39mfalse[0m
[2023-08-17T09:28:46Z INFO rocket::launch::_] keep-alive: [1;49;39m5[0m[1;49;39ms[0m
[2023-08-17T09:28:46Z INFO rocket::launch::_] tls: [1;49;39mdisabled[0m
[2023-08-17T09:28:46Z INFO rocket::launch::_] shutdown: [1;49;39mctrlc = true, force = true, signals = [SIGTERM], grace = 2s, mercy = 3s[0m
[2023-08-17T09:28:46Z INFO rocket::launch::_] log level: [1;49;39mnormal[0m
[2023-08-17T09:28:46Z INFO rocket::launch::_] cli colors: [1;49;39mtrue[0m
[2023-08-17T09:28:46Z INFO rocket::launch] 📬 [35mRoutes[0m:
[2023-08-17T09:28:46Z INFO rocket::launch::_] [36m([0m[37mindex[0m[36m)[0m [32mGET[0m [4;34m/api[0m[34m/[0m
[2023-08-17T09:28:46Z INFO rocket::launch] 📡 [35mFairings[0m:
[2023-08-17T09:28:46Z INFO rocket::launch::_] [1;49;39mPricing producer[0m ([1;34mliftoff[0m)
[2023-08-17T09:28:46Z INFO rocket::launch::_] [1;49;39mShield[0m ([1;34mliftoff, response, singleton[0m)
[2023-08-17T09:28:46Z INFO rocket::shield::shield] 🛡️ [35mShield[0m:
[2023-08-17T09:28:46Z INFO rocket::shield::shield::_] X-Frame-Options: [49;39mSAMEORIGIN[0m
[2023-08-17T09:28:46Z INFO rocket::shield::shield::_] X-Content-Type-Options: [49;39mnosniff[0m
[2023-08-17T09:28:46Z INFO rocket::shield::shield::_] Permissions-Policy: [49;39minterest-cohort=()[0m
[2023-08-17T09:28:46Z INFO apato::producer::pricing_producer] Starting PricingProducer run
[2023-08-17T09:28:47Z INFO rocket::launch] 🔧 Configured for debug.
[2023-08-17T09:28:47Z INFO rocket::launch::_] address: [1;49;39m127.0.0.1[0m
[2023-08-17T09:28:47Z INFO rocket::launch::_] port: [1;49;39m8000[0m
[2023-08-17T09:28:47Z INFO rocket::launch::_] workers: [1;49;39m8[0m
[2023-08-17T09:28:47Z INFO rocket::launch::_] max blocking threads: [1;49;39m512[0m
[2023-08-17T09:28:47Z INFO rocket::launch::_] ident: [1;49;39mRocket[0m
[2023-08-17T09:28:47Z INFO rocket::launch::_] IP header: [1;49;39mX-Real-IP[0m
[2023-08-17T09:28:47Z INFO rocket::launch::_] limits: [1;49;39mbytes = 8KiB, data-form = 2MiB, file = 1MiB, form = 32KiB, json = 1MiB, msgpack = 1MiB, string = 8KiB[0m
[2023-08-17T09:28:47Z INFO rocket::launch::_] temp dir: [1;49;39m/var/folders/t2/c2v0fk9j5tz50j4y1tpbklbc0000gn/T/[0m
[2023-08-17T09:28:47Z INFO rocket::launch::_] http/2: [1;49;39mfalse[0m
[2023-08-17T09:28:47Z INFO rocket::launch::_] keep-alive: [1;49;39m5[0m[1;49;39ms[0m
[2023-08-17T09:28:47Z INFO rocket::launch::_] tls: [1;49;39mdisabled[0m
[2023-08-17T09:28:47Z INFO rocket::launch::_] shutdown: [1;49;39mctrlc = true, force = true, signals = [SIGTERM], grace = 2s, mercy = 3s[0m
[2023-08-17T09:28:47Z INFO rocket::launch::_] log level: [1;49;39mnormal[0m
[2023-08-17T09:28:47Z INFO rocket::launch::_] cli colors: [1;49;39mtrue[0m
[2023-08-17T09:28:47Z INFO rocket::launch] 📬 [35mRoutes[0m:
[2023-08-17T09:28:47Z INFO rocket::launch::_] [36m([0m[37mindex[0m[36m)[0m [32mGET[0m [4;34m/api[0m[34m/[0m
[2023-08-17T09:28:47Z INFO rocket::launch] 📡 [35mFairings[0m:
[2023-08-17T09:28:47Z INFO rocket::launch::_] [1;49;39mShield[0m ([1;34mliftoff, response, singleton[0m)
[2023-08-17T09:28:47Z INFO rocket::launch::_] [1;49;39mPricing producer[0m ([1;34mliftoff[0m)
[2023-08-17T09:28:47Z INFO rocket::shield::shield] 🛡️ [35mShield[0m:
[2023-08-17T09:28:47Z INFO rocket::shield::shield::_] Permissions-Policy: [49;39minterest-cohort=()[0m
[2023-08-17T09:28:47Z INFO rocket::shield::shield::_] X-Frame-Options: [49;39mSAMEORIGIN[0m
[2023-08-17T09:28:47Z INFO rocket::shield::shield::_] X-Content-Type-Options: [49;39mnosniff[0m
[2023-08-17T09:28:47Z INFO apato::producer::pricing_producer] Starting PricingProducer run
[2023-08-17T09:28:48Z INFO rocket::launch] 🔧 Configured for debug.
[2023-08-17T09:28:48Z INFO rocket::launch::_] address: [1;49;39m127.0.0.1[0m
[2023-08-17T09:28:48Z INFO rocket::launch::_] port: [1;49;39m8000[0m
[2023-08-17T09:28:48Z INFO rocket::launch::_] workers: [1;49;39m8[0m
[2023-08-17T09:28:48Z INFO rocket::launch::_] max blocking threads: [1;49;39m512[0m
[2023-08-17T09:28:48Z INFO rocket::launch::_] ident: [1;49;39mRocket[0m
[2023-08-17T09:28:48Z INFO rocket::launch::_] IP header: [1;49;39mX-Real-IP[0m
[2023-08-17T09:28:48Z INFO rocket::launch::_] limits: [1;49;39mbytes = 8KiB, data-form = 2MiB, file = 1MiB, form = 32KiB, json = 1MiB, msgpack = 1MiB, string = 8KiB[0m
[2023-08-17T09:28:48Z INFO rocket::launch::_] temp dir: [1;49;39m/var/folders/t2/c2v0fk9j5tz50j4y1tpbklbc0000gn/T/[0m
[2023-08-17T09:28:48Z INFO rocket::launch::_] http/2: [1;49;39mfalse[0m
[2023-08-17T09:28:48Z INFO rocket::launch::_] keep-alive: [1;49;39m5[0m[1;49;39ms[0m
[2023-08-17T09:28:48Z INFO rocket::launch::_] tls: [1;49;39mdisabled[0m
[2023-08-17T09:28:48Z INFO rocket::launch::_] shutdown: [1;49;39mctrlc = true, force = true, signals = [SIGTERM], grace = 2s, mercy = 3s[0m
[2023-08-17T09:28:48Z INFO rocket::launch::_] log level: [1;49;39mnormal[0m
[2023-08-17T09:28:48Z INFO rocket::launch::_] cli colors: [1;49;39mtrue[0m
[2023-08-17T09:28:48Z INFO rocket::launch] 📬 [35mRoutes[0m:
[2023-08-17T09:28:48Z INFO rocket::launch::_] [36m([0m[37mindex[0m[36m)[0m [32mGET[0m [4;34m/api[0m[34m/[0m
[2023-08-17T09:28:48Z INFO rocket::launch] 📡 [35mFairings[0m:
[2023-08-17T09:28:48Z INFO rocket::launch::_] [1;49;39mPricing producer[0m ([1;34mliftoff[0m)
[2023-08-17T09:28:48Z INFO rocket::launch::_] [1;49;39mShield[0m ([1;34mliftoff, response, singleton[0m)
[2023-08-17T09:28:48Z INFO rocket::shield::shield] 🛡️ [35mShield[0m:
[2023-08-17T09:28:48Z INFO rocket::shield::shield::_] Permissions-Policy: [49;39minterest-cohort=()[0m
[2023-08-17T09:28:48Z INFO rocket::shield::shield::_] X-Frame-Options: [49;39mSAMEORIGIN[0m
[2023-08-17T09:28:48Z INFO rocket::shield::shield::_] X-Content-Type-Options: [49;39mnosniff[0m
[2023-08-17T09:28:48Z INFO apato::producer::pricing_producer] Starting PricingProducer run
[2023-08-17T09:28:49Z INFO rocket::launch] 🔧 Configured for debug.
[2023-08-17T09:28:49Z INFO rocket::launch::_] address: [1;49;39m127.0.0.1[0m
[2023-08-17T09:28:49Z INFO rocket::launch::_] port: [1;49;39m8000[0m
[2023-08-17T09:28:49Z INFO rocket::launch::_] workers: [1;49;39m8[0m
[2023-08-17T09:28:49Z INFO rocket::launch::_] max blocking threads: [1;49;39m512[0m
[2023-08-17T09:28:49Z INFO rocket::launch::_] ident: [1;49;39mRocket[0m
[2023-08-17T09:28:49Z INFO rocket::launch::_] IP header: [1;49;39mX-Real-IP[0m
[2023-08-17T09:28:49Z INFO rocket::launch::_] limits: [1;49;39mbytes = 8KiB, data-form = 2MiB, file = 1MiB, form = 32KiB, json = 1MiB, msgpack = 1MiB, string = 8KiB[0m
[2023-08-17T09:28:49Z INFO rocket::launch::_] temp dir: [1;49;39m/var/folders/t2/c2v0fk9j5tz50j4y1tpbklbc0000gn/T/[0m
[2023-08-17T09:28:49Z INFO rocket::launch::_] http/2: [1;49;39mfalse[0m
[2023-08-17T09:28:49Z INFO rocket::launch::_] keep-alive: [1;49;39m5[0m[1;49;39ms[0m
[2023-08-17T09:28:49Z INFO rocket::launch::_] tls: [1;49;39mdisabled[0m
[2023-08-17T09:28:49Z INFO rocket::launch::_] shutdown: [1;49;39mctrlc = true, force = true, signals = [SIGTERM], grace = 2s, mercy = 3s[0m
[2023-08-17T09:28:49Z INFO rocket::launch::_] log level: [1;49;39mnormal[0m
[2023-08-17T09:28:49Z INFO rocket::launch::_] cli colors: [1;49;39mtrue[0m
[2023-08-17T09:28:49Z INFO rocket::launch] 📬 [35mRoutes[0m:
[2023-08-17T09:28:49Z INFO rocket::launch::_] [36m([0m[37mindex[0m[36m)[0m [32mGET[0m [4;34m/api[0m[34m/[0m
[2023-08-17T09:28:49Z INFO rocket::launch] 📡 [35mFairings[0m:
[2023-08-17T09:28:49Z INFO rocket::launch::_] [1;49;39mShield[0m ([1;34mliftoff, response, singleton[0m)
[2023-08-17T09:28:49Z INFO rocket::launch::_] [1;49;39mPricing producer[0m ([1;34mliftoff[0m)
[2023-08-17T09:28:49Z INFO rocket::shield::shield] 🛡️ [35mShield[0m:
[2023-08-17T09:28:49Z INFO rocket::shield::shield::_] X-Frame-Options: [49;39mSAMEORIGIN[0m
[2023-08-17T09:28:49Z INFO rocket::shield::shield::_] Permissions-Policy: [49;39minterest-cohort=()[0m
[2023-08-17T09:28:49Z INFO rocket::shield::shield::_] X-Content-Type-Options: [49;39mnosniff[0m
[2023-08-17T09:28:49Z INFO apato::producer::pricing_producer] Starting PricingProducer run
[2023-08-17T09:28:50Z INFO rocket::launch] 🔧 Configured for debug.
[2023-08-17T09:28:50Z INFO rocket::launch::_] address: [1;49;39m127.0.0.1[0m
[2023-08-17T09:28:50Z INFO rocket::launch::_] port: [1;49;39m8000[0m
[2023-08-17T09:28:50Z INFO rocket::launch::_] workers: [1;49;39m8[0m
[2023-08-17T09:28:50Z INFO rocket::launch::_] max blocking threads: [1;49;39m512[0m
[2023-08-17T09:28:50Z INFO rocket::launch::_] ident: [1;49;39mRocket[0m
[2023-08-17T09:28:50Z INFO rocket::launch::_] IP header: [1;49;39mX-Real-IP[0m
[2023-08-17T09:28:50Z INFO rocket::launch::_] limits: [1;49;39mbytes = 8KiB, data-form = 2MiB, file = 1MiB, form = 32KiB, json = 1MiB, msgpack = 1MiB, string = 8KiB[0m
[2023-08-17T09:28:50Z INFO rocket::launch::_] temp dir: [1;49;39m/var/folders/t2/c2v0fk9j5tz50j4y1tpbklbc0000gn/T/[0m
[2023-08-17T09:28:50Z INFO rocket::launch::_] http/2: [1;49;39mfalse[0m
[2023-08-17T09:28:50Z INFO rocket::launch::_] keep-alive: [1;49;39m5[0m[1;49;39ms[0m
[2023-08-17T09:28:50Z INFO rocket::launch::_] tls: [1;49;39mdisabled[0m
[2023-08-17T09:28:50Z INFO rocket::launch::_] shutdown: [1;49;39mctrlc = true, force = true, signals = [SIGTERM], grace = 2s, mercy = 3s[0m
[2023-08-17T09:28:50Z INFO rocket::launch::_] log level: [1;49;39mnormal[0m
[2023-08-17T09:28:50Z INFO rocket::launch::_] cli colors: [1;49;39mtrue[0m
[2023-08-17T09:28:50Z INFO rocket::launch] 📬 [35mRoutes[0m:
[2023-08-17T09:28:50Z INFO rocket::launch::_] [36m([0m[37mindex[0m[36m)[0m [32mGET[0m [4;34m/api[0m[34m/[0m
[2023-08-17T09:28:50Z INFO rocket::launch] 📡 [35mFairings[0m:
[2023-08-17T09:28:50Z INFO rocket::launch::_] [1;49;39mShield[0m ([1;34mliftoff, response, singleton[0m)
[2023-08-17T09:28:50Z INFO rocket::launch::_] [1;49;39mPricing producer[0m ([1;34mliftoff[0m)
[2023-08-17T09:28:50Z INFO rocket::shield::shield] 🛡️ [35mShield[0m:
[2023-08-17T09:28:50Z INFO rocket::shield::shield::_] X-Frame-Options: [49;39mSAMEORIGIN[0m
[2023-08-17T09:28:50Z INFO rocket::shield::shield::_] Permissions-Policy: [49;39minterest-cohort=()[0m
[2023-08-17T09:28:50Z INFO rocket::shield::shield::_] X-Content-Type-Options: [49;39mnosniff[0m
[2023-08-17T09:28:50Z INFO apato::producer::pricing_producer] Starting PricingProducer run
[2023-08-17T09:28:51Z INFO rocket::launch] 🔧 Configured for debug.
[2023-08-17T09:28:51Z INFO rocket::launch::_] address: [1;49;39m127.0.0.1[0m
[2023-08-17T09:28:51Z INFO rocket::launch::_] port: [1;49;39m8000[0m
[2023-08-17T09:28:51Z INFO rocket::launch::_] workers: [1;49;39m8[0m
[2023-08-17T09:28:51Z INFO rocket::launch::_] max blocking threads: [1;49;39m512[0m
[2023-08-17T09:28:51Z INFO rocket::launch::_] ident: [1;49;39mRocket[0m
[2023-08-17T09:28:51Z INFO rocket::launch::_] IP header: [1;49;39mX-Real-IP[0m
[2023-08-17T09:28:51Z INFO rocket::launch::_] limits: [1;49;39mbytes = 8KiB, data-form = 2MiB, file = 1MiB, form = 32KiB, json = 1MiB, msgpack = 1MiB, string = 8KiB[0m
[2023-08-17T09:28:51Z INFO rocket::launch::_] temp dir: [1;49;39m/var/folders/t2/c2v0fk9j5tz50j4y1tpbklbc0000gn/T/[0m
[2023-08-17T09:28:51Z INFO rocket::launch::_] http/2: [1;49;39mfalse[0m
[2023-08-17T09:28:51Z INFO rocket::launch::_] keep-alive: [1;49;39m5[0m[1;49;39ms[0m
[2023-08-17T09:28:51Z INFO rocket::launch::_] tls: [1;49;39mdisabled[0m
[2023-08-17T09:28:51Z INFO rocket::launch::_] shutdown: [1;49;39mctrlc = true, force = true, signals = [SIGTERM], grace = 2s, mercy = 3s[0m
[2023-08-17T09:28:51Z INFO rocket::launch::_] log level: [1;49;39mnormal[0m
[2023-08-17T09:28:51Z INFO rocket::launch::_] cli colors: [1;49;39mtrue[0m
[2023-08-17T09:28:51Z INFO rocket::launch] 📬 [35mRoutes[0m:
[2023-08-17T09:28:51Z INFO rocket::launch::_] [36m([0m[37mindex[0m[36m)[0m [32mGET[0m [4;34m/api[0m[34m/[0m
[2023-08-17T09:28:51Z INFO rocket::launch] 📡 [35mFairings[0m:
[2023-08-17T09:28:51Z INFO rocket::launch::_] [1;49;39mPricing producer[0m ([1;34mliftoff[0m)
[2023-08-17T09:28:51Z INFO rocket::launch::_] [1;49;39mShield[0m ([1;34mliftoff, response, singleton[0m)
[2023-08-17T09:28:51Z INFO rocket::shield::shield] 🛡️ [35mShield[0m:
[2023-08-17T09:28:51Z INFO rocket::shield::shield::_] Permissions-Policy: [49;39minterest-cohort=()[0m
[2023-08-17T09:28:51Z INFO rocket::shield::shield::_] X-Content-Type-Options: [49;39mnosniff[0m
[2023-08-17T09:28:51Z INFO rocket::shield::shield::_] X-Frame-Options: [49;39mSAMEORIGIN[0m
[2023-08-17T09:28:51Z INFO apato::producer::pricing_producer] Starting PricingProducer run
[2023-08-17T09:28:52Z INFO rocket::launch] 🔧 Configured for debug.
[2023-08-17T09:28:52Z INFO rocket::launch::_] address: [1;49;39m127.0.0.1[0m
[2023-08-17T09:28:52Z INFO rocket::launch::_] port: [1;49;39m8000[0m
[2023-08-17T09:28:52Z INFO rocket::launch::_] workers: [1;49;39m8[0m
[2023-08-17T09:28:52Z INFO rocket::launch::_] max blocking threads: [1;49;39m512[0m
[2023-08-17T09:28:52Z INFO rocket::launch::_] ident: [1;49;39mRocket[0m
[2023-08-17T09:28:52Z INFO rocket::launch::_] IP header: [1;49;39mX-Real-IP[0m
[2023-08-17T09:28:52Z INFO rocket::launch::_] limits: [1;49;39mbytes = 8KiB, data-form = 2MiB, file = 1MiB, form = 32KiB, json = 1MiB, msgpack = 1MiB, string = 8KiB[0m
[2023-08-17T09:28:52Z INFO rocket::launch::_] temp dir: [1;49;39m/var/folders/t2/c2v0fk9j5tz50j4y1tpbklbc0000gn/T/[0m
[2023-08-17T09:28:52Z INFO rocket::launch::_] http/2: [1;49;39mfalse[0m
[2023-08-17T09:28:52Z INFO rocket::launch::_] keep-alive: [1;49;39m5[0m[1;49;39ms[0m
[2023-08-17T09:28:52Z INFO rocket::launch::_] tls: [1;49;39mdisabled[0m
[2023-08-17T09:28:52Z INFO rocket::launch::_] shutdown: [1;49;39mctrlc = true, force = true, signals = [SIGTERM], grace = 2s, mercy = 3s[0m
[2023-08-17T09:28:52Z INFO rocket::launch::_] log level: [1;49;39mnormal[0m
[2023-08-17T09:28:52Z INFO rocket::launch::_] cli colors: [1;49;39mtrue[0m
[2023-08-17T09:28:52Z INFO rocket::launch] 📬 [35mRoutes[0m:
[2023-08-17T09:28:52Z INFO rocket::launch::_] [36m([0m[37mindex[0m[36m)[0m [32mGET[0m [4;34m/api[0m[34m/[0m
[2023-08-17T09:28:52Z INFO rocket::launch] 📡 [35mFairings[0m:
[2023-08-17T09:28:52Z INFO rocket::launch::_] [1;49;39mShield[0m ([1;34mliftoff, response, singleton[0m)
[2023-08-17T09:28:52Z INFO rocket::launch::_] [1;49;39mPricing producer[0m ([1;34mliftoff[0m)
[2023-08-17T09:28:52Z INFO rocket::shield::shield] 🛡️ [35mShield[0m:
[2023-08-17T09:28:52Z INFO rocket::shield::shield::_] X-Content-Type-Options: [49;39mnosniff[0m
[2023-08-17T09:28:52Z INFO rocket::shield::shield::_] X-Frame-Options: [49;39mSAMEORIGIN[0m
[2023-08-17T09:28:52Z INFO rocket::shield::shield::_] Permissions-Policy: [49;39minterest-cohort=()[0m
[2023-08-17T09:28:52Z INFO apato::producer::pricing_producer] Starting PricingProducer run
[2023-08-17T09:28:53Z INFO rocket::launch] 🔧 Configured for debug.
[2023-08-17T09:28:53Z INFO rocket::launch::_] address: [1;49;39m127.0.0.1[0m
[2023-08-17T09:28:53Z INFO rocket::launch::_] port: [1;49;39m8000[0m
[2023-08-17T09:28:53Z INFO rocket::launch::_] workers: [1;49;39m8[0m
[2023-08-17T09:28:53Z INFO rocket::launch::_] max blocking threads: [1;49;39m512[0m
[2023-08-17T09:28:53Z INFO rocket::launch::_] ident: [1;49;39mRocket[0m
[2023-08-17T09:28:53Z INFO rocket::launch::_] IP header: [1;49;39mX-Real-IP[0m
[2023-08-17T09:28:53Z INFO rocket::launch::_] limits: [1;49;39mbytes = 8KiB, data-form = 2MiB, file = 1MiB, form = 32KiB, json = 1MiB, msgpack = 1MiB, string = 8KiB[0m
[2023-08-17T09:28:53Z INFO rocket::launch::_] temp dir: [1;49;39m/var/folders/t2/c2v0fk9j5tz50j4y1tpbklbc0000gn/T/[0m
[2023-08-17T09:28:53Z INFO rocket::launch::_] http/2: [1;49;39mfalse[0m
[2023-08-17T09:28:53Z INFO rocket::launch::_] keep-alive: [1;49;39m5[0m[1;49;39ms[0m
[2023-08-17T09:28:53Z INFO rocket::launch::_] tls: [1;49;39mdisabled[0m
[2023-08-17T09:28:53Z INFO rocket::launch::_] shutdown: [1;49;39mctrlc = true, force = true, signals = [SIGTERM], grace = 2s, mercy = 3s[0m
[2023-08-17T09:28:53Z INFO rocket::launch::_] log level: [1;49;39mnormal[0m
[2023-08-17T09:28:53Z INFO rocket::launch::_] cli colors: [1;49;39mtrue[0m
[2023-08-17T09:28:53Z INFO rocket::launch] 📬 [35mRoutes[0m:
[2023-08-17T09:28:53Z INFO rocket::launch::_] [36m([0m[37mindex[0m[36m)[0m [32mGET[0m [4;34m/api[0m[34m/[0m
[2023-08-17T09:28:53Z INFO rocket::launch] 📡 [35mFairings[0m:
[2023-08-17T09:28:53Z INFO rocket::launch::_] [1;49;39mShield[0m ([1;34mliftoff, response, singleton[0m)
[2023-08-17T09:28:53Z INFO rocket::launch::_] [1;49;39mPricing producer[0m ([1;34mliftoff[0m)
[2023-08-17T09:28:53Z INFO rocket::shield::shield] 🛡️ [35mShield[0m:
[2023-08-17T09:28:53Z INFO rocket::shield::shield::_] Permissions-Policy: [49;39minterest-cohort=()[0m
[2023-08-17T09:28:53Z INFO rocket::shield::shield::_] X-Content-Type-Options: [49;39mnosniff[0m
[2023-08-17T09:28:53Z INFO rocket::shield::shield::_] X-Frame-Options: [49;39mSAMEORIGIN[0m
[2023-08-17T09:28:53Z INFO apato::producer::pricing_producer] Starting PricingProducer run
[2023-08-17T09:28:54Z INFO rocket::launch] 🔧 Configured for debug.
[2023-08-17T09:28:54Z INFO rocket::launch::_] address: [1;49;39m127.0.0.1[0m
[2023-08-17T09:28:54Z INFO rocket::launch::_] port: [1;49;39m8000[0m
[2023-08-17T09:28:54Z INFO rocket::launch::_] workers: [1;49;39m8[0m
[2023-08-17T09:28:54Z INFO rocket::launch::_] max blocking threads: [1;49;39m512[0m
[2023-08-17T09:28:54Z INFO rocket::launch::_] ident: [1;49;39mRocket[0m
[2023-08-17T09:28:54Z INFO rocket::launch::_] IP header: [1;49;39mX-Real-IP[0m
[2023-08-17T09:28:54Z INFO rocket::launch::_] limits: [1;49;39mbytes = 8KiB, data-form = 2MiB, file = 1MiB, form = 32KiB, json = 1MiB, msgpack = 1MiB, string = 8KiB[0m
[2023-08-17T09:28:54Z INFO rocket::launch::_] temp dir: [1;49;39m/var/folders/t2/c2v0fk9j5tz50j4y1tpbklbc0000gn/T/[0m
[2023-08-17T09:28:54Z INFO rocket::launch::_] http/2: [1;49;39mfalse[0m
[2023-08-17T09:28:54Z INFO rocket::launch::_] keep-alive: [1;49;39m5[0m[1;49;39ms[0m
[2023-08-17T09:28:54Z INFO rocket::launch::_] tls: [1;49;39mdisabled[0m
[2023-08-17T09:28:54Z INFO rocket::launch::_] shutdown: [1;49;39mctrlc = true, force = true, signals = [SIGTERM], grace = 2s, mercy = 3s[0m
[2023-08-17T09:28:54Z INFO rocket::launch::_] log level: [1;49;39mnormal[0m
[2023-08-17T09:28:54Z INFO rocket::launch::_] cli colors: [1;49;39mtrue[0m
[2023-08-17T09:28:54Z INFO rocket::launch] 📬 [35mRoutes[0m:
[2023-08-17T09:28:54Z INFO rocket::launch::_] [36m([0m[37mindex[0m[36m)[0m [32mGET[0m [4;34m/api[0m[34m/[0m
[2023-08-17T09:28:54Z INFO rocket::launch] 📡 [35mFairings[0m:
[2023-08-17T09:28:54Z INFO rocket::launch::_] [1;49;39mShield[0m ([1;34mliftoff, response, singleton[0m)
[2023-08-17T09:28:54Z INFO rocket::launch::_] [1;49;39mPricing producer[0m ([1;34mliftoff[0m)
[2023-08-17T09:28:54Z INFO rocket::shield::shield] 🛡️ [35mShield[0m:
[2023-08-17T09:28:54Z INFO rocket::shield::shield::_] X-Content-Type-Options: [49;39mnosniff[0m
[2023-08-17T09:28:54Z INFO rocket::shield::shield::_] X-Frame-Options: [49;39mSAMEORIGIN[0m
[2023-08-17T09:28:54Z INFO rocket::shield::shield::_] Permissions-Policy: [49;39minterest-cohort=()[0m
[2023-08-17T09:28:54Z INFO apato::producer::pricing_producer] Starting PricingProducer run
[2023-08-17T09:28:55Z INFO rocket::launch] 🔧 Configured for debug.
[2023-08-17T09:28:55Z INFO rocket::launch::_] address: [1;49;39m127.0.0.1[0m
[2023-08-17T09:28:55Z INFO rocket::launch::_] port: [1;49;39m8000[0m
[2023-08-17T09:28:55Z INFO rocket::launch::_] workers: [1;49;39m8[0m
[2023-08-17T09:28:55Z INFO rocket::launch::_] max blocking threads: [1;49;39m512[0m
[2023-08-17T09:28:55Z INFO rocket::launch::_] ident: [1;49;39mRocket[0m
[2023-08-17T09:28:55Z INFO rocket::launch::_] IP header: [1;49;39mX-Real-IP[0m
[2023-08-17T09:28:55Z INFO rocket::launch::_] limits: [1;49;39mbytes = 8KiB, data-form = 2MiB, file = 1MiB, form = 32KiB, json = 1MiB, msgpack = 1MiB, string = 8KiB[0m
[2023-08-17T09:28:55Z INFO rocket::launch::_] temp dir: [1;49;39m/var/folders/t2/c2v0fk9j5tz50j4y1tpbklbc0000gn/T/[0m
[2023-08-17T09:28:55Z INFO rocket::launch::_] http/2: [1;49;39mfalse[0m
[2023-08-17T09:28:55Z INFO rocket::launch::_] keep-alive: [1;49;39m5[0m[1;49;39ms[0m
[2023-08-17T09:28:55Z INFO rocket::launch::_] tls: [1;49;39mdisabled[0m
[2023-08-17T09:28:55Z INFO rocket::launch::_] shutdown: [1;49;39mctrlc = true, force = true, signals = [SIGTERM], grace = 2s, mercy = 3s[0m
[2023-08-17T09:28:55Z INFO rocket::launch::_] log level: [1;49;39mnormal[0m
[2023-08-17T09:28:55Z INFO rocket::launch::_] cli colors: [1;49;39mtrue[0m
[2023-08-17T09:28:55Z INFO rocket::launch] 📬 [35mRoutes[0m:
[2023-08-17T09:28:55Z INFO rocket::launch::_] [36m([0m[37mindex[0m[36m)[0m [32mGET[0m [4;34m/api[0m[34m/[0m
[2023-08-17T09:28:55Z INFO rocket::launch] 📡 [35mFairings[0m:
[2023-08-17T09:28:55Z INFO rocket::launch::_] [1;49;39mShield[0m ([1;34mliftoff, response, singleton[0m)
[2023-08-17T09:28:55Z INFO rocket::launch::_] [1;49;39mPricing producer[0m ([1;34mliftoff[0m)
[2023-08-17T09:28:55Z INFO rocket::shield::shield] 🛡️ [35mShield[0m:
[2023-08-17T09:28:55Z INFO rocket::shield::shield::_] Permissions-Policy: [49;39minterest-cohort=()[0m
[2023-08-17T09:28:55Z INFO rocket::shield::shield::_] X-Content-Type-Options: [49;39mnosniff[0m
[2023-08-17T09:28:55Z INFO rocket::shield::shield::_] X-Frame-Options: [49;39mSAMEORIGIN[0m
[2023-08-17T09:28:55Z INFO apato::producer::pricing_producer] Starting PricingProducer run
[2023-08-17T09:28:56Z INFO rocket::launch] 🔧 Configured for debug.
[2023-08-17T09:28:56Z INFO rocket::launch::_] address: [1;49;39m127.0.0.1[0m
[2023-08-17T09:28:56Z INFO rocket::launch::_] port: [1;49;39m8000[0m
[2023-08-17T09:28:56Z INFO rocket::launch::_] workers: [1;49;39m8[0m
[2023-08-17T09:28:56Z INFO rocket::launch::_] max blocking threads: [1;49;39m512[0m
[2023-08-17T09:28:56Z INFO rocket::launch::_] ident: [1;49;39mRocket[0m
[2023-08-17T09:28:56Z INFO rocket::launch::_] IP header: [1;49;39mX-Real-IP[0m
[2023-08-17T09:28:56Z INFO rocket::launch::_] limits: [1;49;39mbytes = 8KiB, data-form = 2MiB, file = 1MiB, form = 32KiB, json = 1MiB, msgpack = 1MiB, string = 8KiB[0m
[2023-08-17T09:28:56Z INFO rocket::launch::_] temp dir: [1;49;39m/var/folders/t2/c2v0fk9j5tz50j4y1tpbklbc0000gn/T/[0m
[2023-08-17T09:28:56Z INFO rocket::launch::_] http/2: [1;49;39mfalse[0m
[2023-08-17T09:28:56Z INFO rocket::launch::_] keep-alive: [1;49;39m5[0m[1;49;39ms[0m
[2023-08-17T09:28:56Z INFO rocket::launch::_] tls: [1;49;39mdisabled[0m
[2023-08-17T09:28:56Z INFO rocket::launch::_] shutdown: [1;49;39mctrlc = true, force = true, signals = [SIGTERM], grace = 2s, mercy = 3s[0m
[2023-08-17T09:28:56Z INFO rocket::launch::_] log level: [1;49;39mnormal[0m
[2023-08-17T09:28:56Z INFO rocket::launch::_] cli colors: [1;49;39mtrue[0m
[2023-08-17T09:28:56Z INFO rocket::launch] 📬 [35mRoutes[0m:
[2023-08-17T09:28:56Z INFO rocket::launch::_] [36m([0m[37mindex[0m[36m)[0m [32mGET[0m [4;34m/api[0m[34m/[0m
[2023-08-17T09:28:56Z INFO rocket::launch] 📡 [35mFairings[0m:
[2023-08-17T09:28:56Z INFO rocket::launch::_] [1;49;39mShield[0m ([1;34mliftoff, response, singleton[0m)
[2023-08-17T09:28:56Z INFO rocket::launch::_] [1;49;39mPricing producer[0m ([1;34mliftoff[0m)
[2023-08-17T09:28:56Z INFO rocket::shield::shield] 🛡️ [35mShield[0m:
[2023-08-17T09:28:56Z INFO rocket::shield::shield::_] X-Frame-Options: [49;39mSAMEORIGIN[0m
[2023-08-17T09:28:56Z INFO rocket::shield::shield::_] X-Content-Type-Options: [49;39mnosniff[0m
[2023-08-17T09:28:56Z INFO rocket::shield::shield::_] Permissions-Policy: [49;39minterest-cohort=()[0m
[2023-08-17T09:28:56Z INFO apato::producer::pricing_producer] Starting PricingProducer run
[2023-08-17T09:28:57Z INFO rocket::launch] 🔧 Configured for debug.
[2023-08-17T09:28:57Z INFO rocket::launch::_] address: [1;49;39m127.0.0.1[0m
[2023-08-17T09:28:57Z INFO rocket::launch::_] port: [1;49;39m8000[0m
[2023-08-17T09:28:57Z INFO rocket::launch::_] workers: [1;49;39m8[0m
[2023-08-17T09:28:57Z INFO rocket::launch::_] max blocking threads: [1;49;39m512[0m
[2023-08-17T09:28:57Z INFO rocket::launch::_] ident: [1;49;39mRocket[0m
[2023-08-17T09:28:57Z INFO rocket::launch::_] IP header: [1;49;39mX-Real-IP[0m
[2023-08-17T09:28:57Z INFO rocket::launch::_] limits: [1;49;39mbytes = 8KiB, data-form = 2MiB, file = 1MiB, form = 32KiB, json = 1MiB, msgpack = 1MiB, string = 8KiB[0m
[2023-08-17T09:28:57Z INFO rocket::launch::_] temp dir: [1;49;39m/var/folders/t2/c2v0fk9j5tz50j4y1tpbklbc0000gn/T/[0m
[2023-08-17T09:28:57Z INFO rocket::launch::_] http/2: [1;49;39mfalse[0m
[2023-08-17T09:28:57Z INFO rocket::launch::_] keep-alive: [1;49;39m5[0m[1;49;39ms[0m
[2023-08-17T09:28:57Z INFO rocket::launch::_] tls: [1;49;39mdisabled[0m
[2023-08-17T09:28:57Z INFO rocket::launch::_] shutdown: [1;49;39mctrlc = true, force = true, signals = [SIGTERM], grace = 2s, mercy = 3s[0m
[2023-08-17T09:28:57Z INFO rocket::launch::_] log level: [1;49;39mnormal[0m
[2023-08-17T09:28:57Z INFO rocket::launch::_] cli colors: [1;49;39mtrue[0m
[2023-08-17T09:28:57Z INFO rocket::launch] 📬 [35mRoutes[0m:
[2023-08-17T09:28:57Z INFO rocket::launch::_] [36m([0m[37mindex[0m[36m)[0m [32mGET[0m [4;34m/api[0m[34m/[0m
[2023-08-17T09:28:57Z INFO rocket::launch] 📡 [35mFairings[0m:
[2023-08-17T09:28:57Z INFO rocket::launch::_] [1;49;39mShield[0m ([1;34mliftoff, response, singleton[0m)
[2023-08-17T09:28:57Z INFO rocket::launch::_] [1;49;39mPricing producer[0m ([1;34mliftoff[0m)
[2023-08-17T09:28:57Z INFO rocket::shield::shield] 🛡️ [35mShield[0m:
[2023-08-17T09:28:57Z INFO rocket::shield::shield::_] X-Frame-Options: [49;39mSAMEORIGIN[0m
[2023-08-17T09:28:57Z INFO rocket::shield::shield::_] Permissions-Policy: [49;39minterest-cohort=()[0m
[2023-08-17T09:28:57Z INFO rocket::shield::shield::_] X-Content-Type-Options: [49;39mnosniff[0m
[2023-08-17T09:28:57Z INFO apato::producer::pricing_producer] Starting PricingProducer run
[2023-08-17T09:29:59Z INFO rocket::launch] 🔧 Configured for debug.
[2023-08-17T09:29:59Z INFO rocket::launch::_] address: [1;49;39m127.0.0.1[0m
[2023-08-17T09:29:59Z INFO rocket::launch::_] port: [1;49;39m8000[0m
[2023-08-17T09:29:59Z INFO rocket::launch::_] workers: [1;49;39m8[0m
[2023-08-17T09:29:59Z INFO rocket::launch::_] max blocking threads: [1;49;39m512[0m
[2023-08-17T09:29:59Z INFO rocket::launch::_] ident: [1;49;39mRocket[0m
[2023-08-17T09:29:59Z INFO rocket::launch::_] IP header: [1;49;39mX-Real-IP[0m
[2023-08-17T09:29:59Z INFO rocket::launch::_] limits: [1;49;39mbytes = 8KiB, data-form = 2MiB, file = 1MiB, form = 32KiB, json = 1MiB, msgpack = 1MiB, string = 8KiB[0m
[2023-08-17T09:29:59Z INFO rocket::launch::_] temp dir: [1;49;39m/var/folders/t2/c2v0fk9j5tz50j4y1tpbklbc0000gn/T/[0m
[2023-08-17T09:29:59Z INFO rocket::launch::_] http/2: [1;49;39mfalse[0m
[2023-08-17T09:29:59Z INFO rocket::launch::_] keep-alive: [1;49;39m5[0m[1;49;39ms[0m
[2023-08-17T09:29:59Z INFO rocket::launch::_] tls: [1;49;39mdisabled[0m
[2023-08-17T09:29:59Z INFO rocket::launch::_] shutdown: [1;49;39mctrlc = true, force = true, signals = [SIGTERM], grace = 2s, mercy = 3s[0m
[2023-08-17T09:29:59Z INFO rocket::launch::_] log level: [1;49;39mnormal[0m
[2023-08-17T09:29:59Z INFO rocket::launch::_] cli colors: [1;49;39mtrue[0m
[2023-08-17T09:29:59Z INFO rocket::launch] 📬 [35mRoutes[0m:
[2023-08-17T09:29:59Z INFO rocket::launch::_] [36m([0m[37mindex[0m[36m)[0m [32mGET[0m [4;34m/api[0m[34m/[0m
[2023-08-17T09:29:59Z INFO rocket::launch] 📡 [35mFairings[0m:
[2023-08-17T09:29:59Z INFO rocket::launch::_] [1;49;39mShield[0m ([1;34mliftoff, response, singleton[0m)
[2023-08-17T09:29:59Z INFO rocket::launch::_] [1;49;39mPricing producer[0m ([1;34mliftoff[0m)
[2023-08-17T09:29:59Z INFO rocket::shield::shield] 🛡️ [35mShield[0m:
[2023-08-17T09:29:59Z INFO rocket::shield::shield::_] X-Content-Type-Options: [49;39mnosniff[0m
[2023-08-17T09:29:59Z INFO rocket::shield::shield::_] X-Frame-Options: [49;39mSAMEORIGIN[0m
[2023-08-17T09:29:59Z INFO rocket::shield::shield::_] Permissions-Policy: [49;39minterest-cohort=()[0m
[2023-08-17T09:29:59Z INFO apato::producer::pricing_producer] Starting PricingProducer run
[2023-08-17T09:30:00Z INFO rocket::launch] 🔧 Configured for debug.
[2023-08-17T09:30:00Z INFO rocket::launch::_] address: [1;49;39m127.0.0.1[0m
[2023-08-17T09:30:00Z INFO rocket::launch::_] port: [1;49;39m8000[0m
[2023-08-17T09:30:00Z INFO rocket::launch::_] workers: [1;49;39m8[0m
[2023-08-17T09:30:00Z INFO rocket::launch::_] max blocking threads: [1;49;39m512[0m
[2023-08-17T09:30:00Z INFO rocket::launch::_] ident: [1;49;39mRocket[0m
[2023-08-17T09:30:00Z INFO rocket::launch::_] IP header: [1;49;39mX-Real-IP[0m
[2023-08-17T09:30:00Z INFO rocket::launch::_] limits: [1;49;39mbytes = 8KiB, data-form = 2MiB, file = 1MiB, form = 32KiB, json = 1MiB, msgpack = 1MiB, string = 8KiB[0m
[2023-08-17T09:30:00Z INFO rocket::launch::_] temp dir: [1;49;39m/var/folders/t2/c2v0fk9j5tz50j4y1tpbklbc0000gn/T/[0m
[2023-08-17T09:30:00Z INFO rocket::launch::_] http/2: [1;49;39mfalse[0m
[2023-08-17T09:30:00Z INFO rocket::launch::_] keep-alive: [1;49;39m5[0m[1;49;39ms[0m
[2023-08-17T09:30:00Z INFO rocket::launch::_] tls: [1;49;39mdisabled[0m
[2023-08-17T09:30:00Z INFO rocket::launch::_] shutdown: [1;49;39mctrlc = true, force = true, signals = [SIGTERM], grace = 2s, mercy = 3s[0m
[2023-08-17T09:30:00Z INFO rocket::launch::_] log level: [1;49;39mnormal[0m
[2023-08-17T09:30:00Z INFO rocket::launch::_] cli colors: [1;49;39mtrue[0m
[2023-08-17T09:30:00Z INFO rocket::launch] 📬 [35mRoutes[0m:
[2023-08-17T09:30:00Z INFO rocket::launch::_] [36m([0m[37mindex[0m[36m)[0m [32mGET[0m [4;34m/api[0m[34m/[0m
[2023-08-17T09:30:00Z INFO rocket::launch] 📡 [35mFairings[0m:
[2023-08-17T09:30:00Z INFO rocket::launch::_] [1;49;39mShield[0m ([1;34mliftoff, response, singleton[0m)
[2023-08-17T09:30:00Z INFO rocket::launch::_] [1;49;39mPricing producer[0m ([1;34mliftoff[0m)
[2023-08-17T09:30:00Z INFO rocket::shield::shield] 🛡️ [35mShield[0m:
[2023-08-17T09:30:00Z INFO rocket::shield::shield::_] Permissions-Policy: [49;39minterest-cohort=()[0m
[2023-08-17T09:30:00Z INFO rocket::shield::shield::_] X-Content-Type-Options: [49;39mnosniff[0m
[2023-08-17T09:30:00Z INFO rocket::shield::shield::_] X-Frame-Options: [49;39mSAMEORIGIN[0m
[2023-08-17T09:30:00Z INFO apato::producer::pricing_producer] Starting PricingProducer run
[2023-08-17T09:30:01Z INFO rocket::launch] 🔧 Configured for debug.
[2023-08-17T09:30:01Z INFO rocket::launch::_] address: [1;49;39m127.0.0.1[0m
[2023-08-17T09:30:01Z INFO rocket::launch::_] port: [1;49;39m8000[0m
[2023-08-17T09:30:01Z INFO rocket::launch::_] workers: [1;49;39m8[0m
[2023-08-17T09:30:01Z INFO rocket::launch::_] max blocking threads: [1;49;39m512[0m
[2023-08-17T09:30:01Z INFO rocket::launch::_] ident: [1;49;39mRocket[0m
[2023-08-17T09:30:01Z INFO rocket::launch::_] IP header: [1;49;39mX-Real-IP[0m
[2023-08-17T09:30:01Z INFO rocket::launch::_] limits: [1;49;39mbytes = 8KiB, data-form = 2MiB, file = 1MiB, form = 32KiB, json = 1MiB, msgpack = 1MiB, string = 8KiB[0m
[2023-08-17T09:30:01Z INFO rocket::launch::_] temp dir: [1;49;39m/var/folders/t2/c2v0fk9j5tz50j4y1tpbklbc0000gn/T/[0m
[2023-08-17T09:30:01Z INFO rocket::launch::_] http/2: [1;49;39mfalse[0m
[2023-08-17T09:30:01Z INFO rocket::launch::_] keep-alive: [1;49;39m5[0m[1;49;39ms[0m
[2023-08-17T09:30:01Z INFO rocket::launch::_] tls: [1;49;39mdisabled[0m
[2023-08-17T09:30:01Z INFO rocket::launch::_] shutdown: [1;49;39mctrlc = true, force = true, signals = [SIGTERM], grace = 2s, mercy = 3s[0m
[2023-08-17T09:30:01Z INFO rocket::launch::_] log level: [1;49;39mnormal[0m
[2023-08-17T09:30:01Z INFO rocket::launch::_] cli colors: [1;49;39mtrue[0m
[2023-08-17T09:30:01Z INFO rocket::launch] 📬 [35mRoutes[0m:
[2023-08-17T09:30:01Z INFO rocket::launch::_] [36m([0m[37mindex[0m[36m)[0m [32mGET[0m [4;34m/api[0m[34m/[0m
[2023-08-17T09:30:01Z INFO rocket::launch] 📡 [35mFairings[0m:
[2023-08-17T09:30:01Z INFO rocket::launch::_] [1;49;39mShield[0m ([1;34mliftoff, response, singleton[0m)
[2023-08-17T09:30:01Z INFO rocket::launch::_] [1;49;39mPricing producer[0m ([1;34mliftoff[0m)
[2023-08-17T09:30:01Z INFO rocket::shield::shield] 🛡️ [35mShield[0m:
[2023-08-17T09:30:01Z INFO rocket::shield::shield::_] X-Frame-Options: [49;39mSAMEORIGIN[0m
[2023-08-17T09:30:01Z INFO rocket::shield::shield::_] Permissions-Policy: [49;39minterest-cohort=()[0m
[2023-08-17T09:30:01Z INFO rocket::shield::shield::_] X-Content-Type-Options: [49;39mnosniff[0m
[2023-08-17T09:30:01Z INFO apato::producer::pricing_producer] Starting PricingProducer run
[2023-08-17T09:34:46Z INFO rocket::launch] 🔧 Configured for debug.
[2023-08-17T09:34:46Z INFO rocket::launch::_] address: [1;49;39m127.0.0.1[0m
[2023-08-17T09:34:46Z INFO rocket::launch::_] port: [1;49;39m8000[0m
[2023-08-17T09:34:46Z INFO rocket::launch::_] workers: [1;49;39m8[0m
[2023-08-17T09:34:46Z INFO rocket::launch::_] max blocking threads: [1;49;39m512[0m
[2023-08-17T09:34:46Z INFO rocket::launch::_] ident: [1;49;39mRocket[0m
[2023-08-17T09:34:46Z INFO rocket::launch::_] IP header: [1;49;39mX-Real-IP[0m
[2023-08-17T09:34:46Z INFO rocket::launch::_] limits: [1;49;39mbytes = 8KiB, data-form = 2MiB, file = 1MiB, form = 32KiB, json = 1MiB, msgpack = 1MiB, string = 8KiB[0m
[2023-08-17T09:34:46Z INFO rocket::launch::_] temp dir: [1;49;39m/var/folders/t2/c2v0fk9j5tz50j4y1tpbklbc0000gn/T/[0m
[2023-08-17T09:34:46Z INFO rocket::launch::_] http/2: [1;49;39mfalse[0m
[2023-08-17T09:34:46Z INFO rocket::launch::_] keep-alive: [1;49;39m5[0m[1;49;39ms[0m
[2023-08-17T09:34:46Z INFO rocket::launch::_] tls: [1;49;39mdisabled[0m
[2023-08-17T09:34:46Z INFO rocket::launch::_] shutdown: [1;49;39mctrlc = true, force = true, signals = [SIGTERM], grace = 2s, mercy = 3s[0m
[2023-08-17T09:34:46Z INFO rocket::launch::_] log level: [1;49;39mnormal[0m
[2023-08-17T09:34:46Z INFO rocket::launch::_] cli colors: [1;49;39mtrue[0m
[2023-08-17T09:34:46Z INFO rocket::launch] 📬 [35mRoutes[0m:
[2023-08-17T09:34:46Z INFO rocket::launch::_] [36m([0m[37mindex[0m[36m)[0m [32mGET[0m [4;34m/api[0m[34m/[0m
[2023-08-17T09:34:46Z INFO rocket::launch] 📡 [35mFairings[0m:
[2023-08-17T09:34:46Z INFO rocket::launch::_] [1;49;39mPricing producer[0m ([1;34mliftoff[0m)
[2023-08-17T09:34:46Z INFO rocket::launch::_] [1;49;39mShield[0m ([1;34mliftoff, response, singleton[0m)
[2023-08-17T09:34:46Z INFO rocket::shield::shield] 🛡️ [35mShield[0m:
[2023-08-17T09:34:46Z INFO rocket::shield::shield::_] Permissions-Policy: [49;39minterest-cohort=()[0m
[2023-08-17T09:34:46Z INFO rocket::shield::shield::_] X-Content-Type-Options: [49;39mnosniff[0m
[2023-08-17T09:34:46Z INFO rocket::shield::shield::_] X-Frame-Options: [49;39mSAMEORIGIN[0m
[2023-08-17T09:34:46Z INFO apato::producer::pricing_producer] Starting PricingProducer run
[2023-08-17T09:34:46Z INFO apato::producer::pricing_producer] Starting calculating prices for watchlist_id: 1
[2023-08-17T09:34:46Z DEBUG reqwest::connect] starting new connection: https://asunnot.oikotie.fi/
[2023-08-17T09:34:46Z DEBUG reqwest::connect] starting new connection: https://asunnot.oikotie.fi/
[2023-08-17T09:34:47Z DEBUG reqwest::connect] starting new connection: https://asunnot.oikotie.fi/
[2023-08-17T09:34:48Z DEBUG reqwest::connect] starting new connection: https://asunnot.oikotie.fi/
[2023-08-17T09:34:48Z DEBUG reqwest::connect] starting new connection: https://asunnot.oikotie.fi/
[2023-08-17T09:34:49Z DEBUG reqwest::connect] starting new connection: https://asunnot.oikotie.fi/
[2023-08-17T09:34:50Z DEBUG reqwest::connect] starting new connection: https://asunnot.oikotie.fi/
[2023-08-17T09:34:50Z DEBUG reqwest::connect] starting new connection: https://asunnot.oikotie.fi/
[2023-08-17T09:34:51Z DEBUG reqwest::connect] starting new connection: https://asunnot.oikotie.fi/
[2023-08-17T09:34:51Z DEBUG reqwest::connect] starting new connection: https://asunnot.oikotie.fi/
[2023-08-17T09:34:52Z DEBUG reqwest::connect] starting new connection: https://asunnot.oikotie.fi/
[2023-08-17T09:34:53Z DEBUG reqwest::connect] starting new connection: https://asunnot.oikotie.fi/
[2023-08-17T09:34:54Z DEBUG reqwest::connect] starting new connection: https://asunnot.oikotie.fi/
[2023-08-17T09:34:54Z DEBUG reqwest::connect] starting new connection: https://asunnot.oikotie.fi/
[2023-08-17T09:34:55Z DEBUG reqwest::connect] starting new connection: https://asunnot.oikotie.fi/
[2023-08-17T09:34:56Z DEBUG reqwest::connect] starting new connection: https://asunnot.oikotie.fi/
[2023-08-17T09:34:56Z DEBUG reqwest::connect] starting new connection: https://asunnot.oikotie.fi/
[2023-08-17T09:34:57Z DEBUG reqwest::connect] starting new connection: https://asunnot.oikotie.fi/
[2023-08-17T09:34:57Z DEBUG reqwest::connect] starting new connection: https://asunnot.oikotie.fi/
[2023-08-17T09:34:58Z DEBUG reqwest::connect] starting new connection: https://asunnot.oikotie.fi/
[2023-08-17T09:34:59Z DEBUG reqwest::connect] starting new connection: https://asunnot.oikotie.fi/
[2023-08-17T09:34:59Z DEBUG reqwest::connect] starting new connection: https://asunnot.oikotie.fi/
[2023-08-17T09:35:00Z DEBUG reqwest::connect] starting new connection: https://asunnot.oikotie.fi/
[2023-08-17T09:35:01Z DEBUG reqwest::connect] starting new connection: https://asunnot.oikotie.fi/
[2023-08-17T09:35:02Z DEBUG reqwest::connect] starting new connection: https://asunnot.oikotie.fi/
[2023-08-17T09:35:03Z DEBUG reqwest::connect] starting new connection: https://asunnot.oikotie.fi/
[2023-08-17T09:35:04Z INFO apato::producer::pricing_producer] Finished price calculations for watchlist_id: 1
[2023-08-17T09:35:04Z INFO apato::producer::pricing_producer] Finished PricingProducer run
[2023-08-17T09:35:04Z INFO apato::producer::pricing_producer] Starting PricingProducer run
[2023-08-17T09:35:04Z INFO apato::producer::pricing_producer] Starting calculating prices for watchlist_id: 1
[2023-08-17T09:35:04Z DEBUG reqwest::connect] starting new connection: https://asunnot.oikotie.fi/
[2023-08-17T09:35:04Z DEBUG reqwest::connect] starting new connection: https://asunnot.oikotie.fi/
[2023-08-17T09:35:05Z DEBUG reqwest::connect] starting new connection: https://asunnot.oikotie.fi/
[2023-08-17T09:35:05Z DEBUG reqwest::connect] starting new connection: https://asunnot.oikotie.fi/
[2023-08-17T09:35:06Z DEBUG reqwest::connect] starting new connection: https://asunnot.oikotie.fi/
[2023-08-17T09:35:07Z DEBUG reqwest::connect] starting new connection: https://asunnot.oikotie.fi/
[2023-08-17T09:35:07Z DEBUG reqwest::connect] starting new connection: https://asunnot.oikotie.fi/
[2023-08-17T09:35:08Z DEBUG reqwest::connect] starting new connection: https://asunnot.oikotie.fi/
[2023-08-17T09:35:08Z DEBUG reqwest::connect] starting new connection: https://asunnot.oikotie.fi/
[2023-08-17T09:35:09Z DEBUG reqwest::connect] starting new connection: https://asunnot.oikotie.fi/
[2023-08-17T09:35:10Z DEBUG reqwest::connect] starting new connection: https://asunnot.oikotie.fi/
[2023-08-17T09:35:10Z DEBUG reqwest::connect] starting new connection: https://asunnot.oikotie.fi/
[2023-08-17T09:35:11Z DEBUG reqwest::connect] starting new connection: https://asunnot.oikotie.fi/
[2023-08-17T09:35:11Z DEBUG reqwest::connect] starting new connection: https://asunnot.oikotie.fi/
[2023-08-17T09:35:12Z DEBUG reqwest::connect] starting new connection: https://asunnot.oikotie.fi/
[2023-08-17T09:35:13Z DEBUG reqwest::connect] starting new connection: https://asunnot.oikotie.fi/
[2023-08-17T09:35:13Z DEBUG reqwest::connect] starting new connection: https://asunnot.oikotie.fi/
[2023-08-17T09:35:14Z DEBUG reqwest::connect] starting new connection: https://asunnot.oikotie.fi/
[2023-08-17T09:35:14Z DEBUG reqwest::connect] starting new connection: https://asunnot.oikotie.fi/
[2023-08-17T09:35:15Z DEBUG reqwest::connect] starting new connection: https://asunnot.oikotie.fi/
[2023-08-17T09:35:15Z DEBUG reqwest::connect] starting new connection: https://asunnot.oikotie.fi/
[2023-08-17T09:35:16Z DEBUG reqwest::connect] starting new connection: https://asunnot.oikotie.fi/
[2023-08-17T09:35:17Z DEBUG reqwest::connect] starting new connection: https://asunnot.oikotie.fi/
[2023-08-17T09:35:17Z DEBUG reqwest::connect] starting new connection: https://asunnot.oikotie.fi/
[2023-08-17T09:35:18Z DEBUG reqwest::connect] starting new connection: https://asunnot.oikotie.fi/
